2024-08-27T17:02:18.948Z [[32minfo[39m]: HTTP GET /api-docs
2024-08-27T17:02:19.085Z [[32minfo[39m]: HTTP GET /api-docs/
2024-08-27T17:02:19.291Z [[32minfo[39m]: HTTP GET /api-docs/swagger-ui-init.js
2024-08-27T17:02:19.320Z [[32minfo[39m]: HTTP GET /api-docs/swagger-ui.css
2024-08-27T17:02:19.330Z [[32minfo[39m]: HTTP GET /api-docs/swagger-ui-standalone-preset.js
2024-08-27T17:02:19.433Z [[32minfo[39m]: HTTP GET /api-docs/swagger-ui-bundle.js
2024-08-27T17:02:22.315Z [[32minfo[39m]: HTTP GET /api-docs/favicon-32x32.png
2024-08-27T17:35:24.230Z [[32minfo[39m]: HTTP GET /api-docs/
2024-08-27T17:35:24.342Z [[32minfo[39m]: HTTP GET /api-docs/swagger-ui-init.js
2024-08-27T17:35:24.355Z [[32minfo[39m]: HTTP GET /api-docs/swagger-ui.css
2024-08-27T17:35:24.370Z [[32minfo[39m]: HTTP GET /api-docs/swagger-ui-standalone-preset.js
2024-08-27T17:35:24.379Z [[32minfo[39m]: HTTP GET /api-docs/swagger-ui-bundle.js
2024-08-27T17:35:26.628Z [[32minfo[39m]: HTTP GET /api-docs/favicon-32x32.png
2024-08-27T17:37:49.498Z [[32minfo[39m]: HTTP GET /api-docs/
2024-08-27T17:37:49.602Z [[32minfo[39m]: HTTP GET /api-docs/swagger-ui.css
2024-08-27T17:37:49.618Z [[32minfo[39m]: HTTP GET /api-docs/swagger-ui-init.js
2024-08-27T17:37:49.643Z [[32minfo[39m]: HTTP GET /api-docs/swagger-ui-bundle.js
2024-08-27T17:37:49.671Z [[32minfo[39m]: HTTP GET /api-docs/swagger-ui-standalone-preset.js
2024-08-27T17:37:52.865Z [[32minfo[39m]: HTTP GET /api-docs/favicon-32x32.png
2024-08-27T17:41:40.937Z [[32minfo[39m]: HTTP GET /api-docs/
2024-08-27T17:41:41.040Z [[32minfo[39m]: HTTP GET /api-docs/swagger-ui.css
2024-08-27T17:41:41.052Z [[32minfo[39m]: HTTP GET /api-docs/swagger-ui-bundle.js
2024-08-27T17:41:41.070Z [[32minfo[39m]: HTTP GET /api-docs/swagger-ui-standalone-preset.js
2024-08-27T17:41:41.096Z [[32minfo[39m]: HTTP GET /api-docs/swagger-ui-init.js
2024-08-27T17:41:43.879Z [[32minfo[39m]: HTTP GET /api-docs/favicon-32x32.png
2024-08-27T17:46:08.413Z [[32minfo[39m]: HTTP GET /api-docs/
2024-08-27T17:46:08.611Z [[32minfo[39m]: HTTP GET /api-docs/swagger-ui.css
2024-08-27T17:46:08.652Z [[32minfo[39m]: HTTP GET /api-docs/swagger-ui-bundle.js
2024-08-27T17:46:08.662Z [[32minfo[39m]: HTTP GET /api-docs/swagger-ui-init.js
2024-08-27T17:46:08.666Z [[32minfo[39m]: HTTP GET /api-docs/swagger-ui-standalone-preset.js
2024-08-27T17:47:28.862Z [[32minfo[39m]: HTTP GET /api-docs/
2024-08-27T17:47:28.925Z [[32minfo[39m]: HTTP GET /api-docs/swagger-ui.css
2024-08-27T17:47:28.940Z [[32minfo[39m]: HTTP GET /api-docs/swagger-ui-bundle.js
2024-08-27T17:47:28.946Z [[32minfo[39m]: HTTP GET /api-docs/swagger-ui-init.js
2024-08-27T17:47:28.952Z [[32minfo[39m]: HTTP GET /api-docs/swagger-ui-standalone-preset.js
2024-08-27T17:47:31.610Z [[32minfo[39m]: HTTP GET /api-docs/favicon-32x32.png
